0 info it worked if it ends with ok
1 verbose cli [ '/opt/local/bin/node', '/opt/local/bin/npm', 'install' ]
2 info using npm@1.2.14
3 info using node@v0.8.22
4 verbose read json /Users/appacademy/Desktop/W8D1/my_chat_app/package.json
5 warn package.json my_chat_app@ No README.md file found!
6 verbose readDependencies using package.json deps
7 verbose install where, deps [ '/Users/appacademy/Desktop/W8D1/my_chat_app',
7 verbose install   [ 'socket.io', 'mime' ] ]
8 verbose from cache /Users/appacademy/Desktop/W8D1/my_chat_app/package.json
9 info preinstall my_chat_app@
10 verbose from cache /Users/appacademy/Desktop/W8D1/my_chat_app/package.json
11 verbose readDependencies using package.json deps
12 verbose cache add [ 'socket.io@~0.9.6', null ]
13 verbose cache add name=undefined spec="socket.io@~0.9.6" args=["socket.io@~0.9.6",null]
14 verbose parsed url { pathname: 'socket.io@~0.9.6',
14 verbose parsed url   path: 'socket.io@~0.9.6',
14 verbose parsed url   href: 'socket.io@~0.9.6' }
15 verbose cache add name="socket.io" spec="~0.9.6" args=["socket.io","~0.9.6"]
16 verbose parsed url { pathname: '~0.9.6', path: '~0.9.6', href: '~0.9.6' }
17 verbose addNamed [ 'socket.io', '~0.9.6' ]
18 verbose addNamed [ null, '>=0.9.6- <0.10.0-' ]
19 verbose cache add [ 'mime@~1.2.7', null ]
20 verbose cache add name=undefined spec="mime@~1.2.7" args=["mime@~1.2.7",null]
21 verbose parsed url { pathname: 'mime@~1.2.7',
21 verbose parsed url   path: 'mime@~1.2.7',
21 verbose parsed url   href: 'mime@~1.2.7' }
22 verbose cache add name="mime" spec="~1.2.7" args=["mime","~1.2.7"]
23 verbose parsed url { pathname: '~1.2.7', path: '~1.2.7', href: '~1.2.7' }
24 verbose addNamed [ 'mime', '~1.2.7' ]
25 verbose addNamed [ null, '>=1.2.7- <1.3.0-' ]
26 silly lockFile 3725bc70-mime-1-2-7 mime@~1.2.7
27 verbose lock mime@~1.2.7 /Users/appacademy/.npm/3725bc70-mime-1-2-7.lock
28 silly lockFile f2e07591-socket-io-0-9-6 socket.io@~0.9.6
29 verbose lock socket.io@~0.9.6 /Users/appacademy/.npm/f2e07591-socket-io-0-9-6.lock
30 silly addNameRange { name: 'mime', range: '>=1.2.7- <1.3.0-', hasData: false }
31 silly addNameRange { name: 'socket.io', range: '>=0.9.6- <0.10.0-', hasData: false }
32 verbose url raw mime
33 verbose url resolving [ 'https://registry.npmjs.org/', './mime' ]
34 verbose url resolved https://registry.npmjs.org/mime
35 info trying registry request attempt 1 at 11:02:16
36 verbose etag "7EO2K9LTTTQE0CBK2EEXXT9R"
37 http GET https://registry.npmjs.org/mime
38 verbose url raw socket.io
39 verbose url resolving [ 'https://registry.npmjs.org/', './socket.io' ]
40 verbose url resolved https://registry.npmjs.org/socket.io
41 info trying registry request attempt 1 at 11:02:16
42 verbose etag "DSF55RABJJRXIZ3PXJ5PQ9N4A"
43 http GET https://registry.npmjs.org/socket.io
44 info retry will retry, error on last attempt: Error: socket hang up
45 info retry will retry, error on last attempt: Error: socket hang up
46 info trying registry request attempt 2 at 11:02:54
47 verbose etag "DSF55RABJJRXIZ3PXJ5PQ9N4A"
48 http GET https://registry.npmjs.org/socket.io
49 info trying registry request attempt 2 at 11:02:54
50 verbose etag "7EO2K9LTTTQE0CBK2EEXXT9R"
51 http GET https://registry.npmjs.org/mime
52 info retry will retry, error on last attempt: Error: socket hang up
53 info retry will retry, error on last attempt: Error: socket hang up
54 info trying registry request attempt 3 at 11:04:12
55 verbose etag "7EO2K9LTTTQE0CBK2EEXXT9R"
56 http GET https://registry.npmjs.org/mime
57 info trying registry request attempt 3 at 11:04:12
58 verbose etag "DSF55RABJJRXIZ3PXJ5PQ9N4A"
59 http GET https://registry.npmjs.org/socket.io
60 silly registry.get cb [ 304, undefined ]
61 verbose etag socket.io from cache
62 silly registry.get cb [ 304, undefined ]
63 verbose etag mime from cache
64 silly addNameRange number 2 { name: 'mime', range: '>=1.2.7- <1.3.0-', hasData: true }
65 silly addNameRange versions [ 'mime',
65 silly addNameRange   [ '1.0.0',
65 silly addNameRange     '1.1.0',
65 silly addNameRange     '1.2.1',
65 silly addNameRange     '1.2.2',
65 silly addNameRange     '1.2.3',
65 silly addNameRange     '1.2.4',
65 silly addNameRange     '1.2.5',
65 silly addNameRange     '1.2.6',
65 silly addNameRange     '1.2.7',
65 silly addNameRange     '1.2.8',
65 silly addNameRange     '1.2.9',
65 silly addNameRange     '1.2.10',
65 silly addNameRange     '1.2.11' ] ]
66 verbose addNamed [ 'mime', '1.2.11' ]
67 verbose addNamed [ '1.2.11', '1.2.11' ]
68 silly lockFile c4b0741f-mime-1-2-11 mime@1.2.11
69 verbose lock mime@1.2.11 /Users/appacademy/.npm/c4b0741f-mime-1-2-11.lock
70 silly addNameRange number 2 { name: 'socket.io', range: '>=0.9.6- <0.10.0-', hasData: true }
71 silly addNameRange versions [ 'socket.io',
71 silly addNameRange   [ '0.3.8',
71 silly addNameRange     '0.4.0',
71 silly addNameRange     '0.4.1',
71 silly addNameRange     '0.5.1',
71 silly addNameRange     '0.5.3',
71 silly addNameRange     '0.6.0',
71 silly addNameRange     '0.6.1',
71 silly addNameRange     '0.6.3',
71 silly addNameRange     '0.6.4',
71 silly addNameRange     '0.6.5',
71 silly addNameRange     '0.6.6',
71 silly addNameRange     '0.6.7',
71 silly addNameRange     '0.6.8',
71 silly addNameRange     '0.6.9',
71 silly addNameRange     '0.6.10',
71 silly addNameRange     '0.6.11',
71 silly addNameRange     '0.6.12',
71 silly addNameRange     '0.6.14',
71 silly addNameRange     '0.6.15',
71 silly addNameRange     '0.6.16',
71 silly addNameRange     '0.6.17',
71 silly addNameRange     '0.6.18',
71 silly addNameRange     '0.7.0',
71 silly addNameRange     '0.7.1',
71 silly addNameRange     '0.7.2',
71 silly addNameRange     '0.7.3',
71 silly addNameRange     '0.7.4',
71 silly addNameRange     '0.7.5',
71 silly addNameRange     '0.7.6',
71 silly addNameRange     '0.7.7',
71 silly addNameRange     '0.7.8',
71 silly addNameRange     '0.7.9',
71 silly addNameRange     '0.7.10',
71 silly addNameRange     '0.7.11',
71 silly addNameRange     '0.8.0',
71 silly addNameRange     '0.8.1',
71 silly addNameRange     '0.8.2',
71 silly addNameRange     '0.8.3',
71 silly addNameRange     '0.8.4',
71 silly addNameRange     '0.8.5',
71 silly addNameRange     '0.8.6',
71 silly addNameRange     '0.8.7',
71 silly addNameRange     '0.9.0',
71 silly addNameRange     '0.9.1',
71 silly addNameRange     '0.9.1-1',
71 silly addNameRange     '0.9.2',
71 silly addNameRange     '0.9.3',
71 silly addNameRange     '0.9.4',
71 silly addNameRange     '0.9.5',
71 silly addNameRange     '0.9.6',
71 silly addNameRange     '0.9.7',
71 silly addNameRange     '0.9.8',
71 silly addNameRange     '0.9.9',
71 silly addNameRange     '0.9.10',
71 silly addNameRange     '0.9.11',
71 silly addNameRange     '0.9.12',
71 silly addNameRange     '0.9.13',
71 silly addNameRange     '0.9.14',
71 silly addNameRange     '0.9.15',
71 silly addNameRange     '0.9.16' ] ]
72 verbose addNamed [ 'socket.io', '0.9.16' ]
73 verbose addNamed [ '0.9.16', '0.9.16' ]
74 silly lockFile a7acce22-socket-io-0-9-16 socket.io@0.9.16
75 verbose lock socket.io@0.9.16 /Users/appacademy/.npm/a7acce22-socket-io-0-9-16.lock
76 silly lockFile 98468155-y-npmjs-org-mime-mime-1-2-11-tgz https://registry.npmjs.org/mime/-/mime-1.2.11.tgz
77 verbose lock https://registry.npmjs.org/mime/-/mime-1.2.11.tgz /Users/appacademy/.npm/98468155-y-npmjs-org-mime-mime-1-2-11-tgz.lock
78 silly lockFile ca7568e4-g-socket-io-socket-io-0-9-16-tgz https://registry.npmjs.org/socket.io/-/socket.io-0.9.16.tgz
79 verbose lock https://registry.npmjs.org/socket.io/-/socket.io-0.9.16.tgz /Users/appacademy/.npm/ca7568e4-g-socket-io-socket-io-0-9-16-tgz.lock
80 verbose addRemoteTarball [ 'https://registry.npmjs.org/mime/-/mime-1.2.11.tgz',
80 verbose addRemoteTarball   '58203eed86e3a5ef17aed2b7d9ebd47f0a60dd10' ]
81 verbose addRemoteTarball [ 'https://registry.npmjs.org/socket.io/-/socket.io-0.9.16.tgz',
81 verbose addRemoteTarball   '3bab0444e49b55fbbc157424dbd41aa375a51a76' ]
82 info retry fetch attempt 1 at 11:04:28
83 verbose fetch to= /var/folders/z9/ccm9f83x2kd9_s24pz9q6x700000gn/T/npm-25686/1383591868561-0.36653988691978157/tmp.tgz
84 info retry fetch attempt 1 at 11:04:28
85 verbose fetch to= /var/folders/z9/ccm9f83x2kd9_s24pz9q6x700000gn/T/npm-25686/1383591868562-0.24502804782241583/tmp.tgz
86 http GET https://registry.npmjs.org/mime/-/mime-1.2.11.tgz
87 http GET https://registry.npmjs.org/socket.io/-/socket.io-0.9.16.tgz
88 http 500 https://registry.npmjs.org/mime/-/mime-1.2.11.tgz
89 error fetch failed https://registry.npmjs.org/mime/-/mime-1.2.11.tgz
90 info retry will retry, error on last attempt: Error: 500 Internal Server Error
91 http 200 https://registry.npmjs.org/socket.io/-/socket.io-0.9.16.tgz
92 silly shasum updated bytes 35009
93 info shasum 3bab0444e49b55fbbc157424dbd41aa375a51a76
93 info shasum /var/folders/z9/ccm9f83x2kd9_s24pz9q6x700000gn/T/npm-25686/1383591868562-0.24502804782241583/tmp.tgz
94 verbose tar unpack /var/folders/z9/ccm9f83x2kd9_s24pz9q6x700000gn/T/npm-25686/1383591868562-0.24502804782241583/tmp.tgz
95 silly lockFile 01702fcd-8562-0-24502804782241583-package /var/folders/z9/ccm9f83x2kd9_s24pz9q6x700000gn/T/npm-25686/1383591868562-0.24502804782241583/package
96 verbose lock /var/folders/z9/ccm9f83x2kd9_s24pz9q6x700000gn/T/npm-25686/1383591868562-0.24502804782241583/package /Users/appacademy/.npm/01702fcd-8562-0-24502804782241583-package.lock
97 silly lockFile b6e6806c-8562-0-24502804782241583-tmp-tgz /var/folders/z9/ccm9f83x2kd9_s24pz9q6x700000gn/T/npm-25686/1383591868562-0.24502804782241583/tmp.tgz
98 verbose lock /var/folders/z9/ccm9f83x2kd9_s24pz9q6x700000gn/T/npm-25686/1383591868562-0.24502804782241583/tmp.tgz /Users/appacademy/.npm/b6e6806c-8562-0-24502804782241583-tmp-tgz.lock
99 silly gunzTarPerm modes [ '755', '644' ]
100 silly gunzTarPerm extractEntry package.json
101 silly gunzTarPerm extractEntry .npmignore
102 silly gunzTarPerm extractEntry LICENSE
103 silly gunzTarPerm extractEntry index.js
104 silly gunzTarPerm extractEntry .travis.yml
105 silly gunzTarPerm extractEntry benchmarks/decode.bench.js
106 silly gunzTarPerm extractEntry benchmarks/encode.bench.js
107 silly gunzTarPerm extractEntry benchmarks/runner.js
108 silly gunzTarPerm extractEntry History.md
109 silly gunzTarPerm extractEntry lib/logger.js
110 silly gunzTarPerm extractEntry lib/namespace.js
111 silly gunzTarPerm extractEntry lib/parser.js
112 silly gunzTarPerm extractEntry lib/socket.io.js
113 silly gunzTarPerm extractEntry lib/socket.js
114 silly gunzTarPerm extractEntry lib/manager.js
115 silly gunzTarPerm extractEntry lib/store.js
116 silly gunzTarPerm extractEntry lib/transport.js
117 silly gunzTarPerm extractEntry lib/util.js
118 silly gunzTarPerm extractEntry lib/static.js
119 silly gunzTarPerm extractEntry lib/stores/memory.js
120 silly gunzTarPerm extractEntry lib/stores/redis.js
121 silly gunzTarPerm extractEntry lib/transports/flashsocket.js
122 silly gunzTarPerm extractEntry lib/transports/htmlfile.js
123 silly gunzTarPerm extractEntry lib/transports/http-polling.js
124 silly gunzTarPerm extractEntry lib/transports/http.js
125 silly gunzTarPerm extractEntry lib/transports/index.js
126 silly gunzTarPerm extractEntry lib/transports/jsonp-polling.js
127 silly gunzTarPerm extractEntry lib/transports/websocket.js
128 silly gunzTarPerm extractEntry lib/transports/xhr-polling.js
129 silly gunzTarPerm extractEntry lib/transports/websocket/default.js
130 silly gunzTarPerm extractEntry lib/transports/websocket/hybi-07-12.js
131 silly gunzTarPerm extractEntry lib/transports/websocket/hybi-16.js
132 silly gunzTarPerm extractEntry lib/transports/websocket/index.js
133 silly gunzTarPerm extractEntry Makefile
134 silly gunzTarPerm extractEntry Readme.md
135 verbose read json /var/folders/z9/ccm9f83x2kd9_s24pz9q6x700000gn/T/npm-25686/1383591868562-0.24502804782241583/package/package.json
136 silly lockFile 01702fcd-8562-0-24502804782241583-package /var/folders/z9/ccm9f83x2kd9_s24pz9q6x700000gn/T/npm-25686/1383591868562-0.24502804782241583/package
137 silly lockFile 01702fcd-8562-0-24502804782241583-package /var/folders/z9/ccm9f83x2kd9_s24pz9q6x700000gn/T/npm-25686/1383591868562-0.24502804782241583/package
138 silly lockFile b6e6806c-8562-0-24502804782241583-tmp-tgz /var/folders/z9/ccm9f83x2kd9_s24pz9q6x700000gn/T/npm-25686/1383591868562-0.24502804782241583/tmp.tgz
139 silly lockFile b6e6806c-8562-0-24502804782241583-tmp-tgz /var/folders/z9/ccm9f83x2kd9_s24pz9q6x700000gn/T/npm-25686/1383591868562-0.24502804782241583/tmp.tgz
140 verbose from cache /var/folders/z9/ccm9f83x2kd9_s24pz9q6x700000gn/T/npm-25686/1383591868562-0.24502804782241583/package/package.json
141 verbose tar pack [ '/Users/appacademy/.npm/socket.io/0.9.16/package.tgz',
141 verbose tar pack   '/var/folders/z9/ccm9f83x2kd9_s24pz9q6x700000gn/T/npm-25686/1383591868562-0.24502804782241583/package' ]
142 verbose tarball /Users/appacademy/.npm/socket.io/0.9.16/package.tgz
143 verbose folder /var/folders/z9/ccm9f83x2kd9_s24pz9q6x700000gn/T/npm-25686/1383591868562-0.24502804782241583/package
144 silly lockFile 01702fcd-8562-0-24502804782241583-package /var/folders/z9/ccm9f83x2kd9_s24pz9q6x700000gn/T/npm-25686/1383591868562-0.24502804782241583/package
145 verbose lock /var/folders/z9/ccm9f83x2kd9_s24pz9q6x700000gn/T/npm-25686/1383591868562-0.24502804782241583/package /Users/appacademy/.npm/01702fcd-8562-0-24502804782241583-package.lock
146 silly lockFile 5c98d4b7-npm-socket-io-0-9-16-package-tgz /Users/appacademy/.npm/socket.io/0.9.16/package.tgz
147 verbose lock /Users/appacademy/.npm/socket.io/0.9.16/package.tgz /Users/appacademy/.npm/5c98d4b7-npm-socket-io-0-9-16-package-tgz.lock
148 silly lockFile 01702fcd-8562-0-24502804782241583-package /var/folders/z9/ccm9f83x2kd9_s24pz9q6x700000gn/T/npm-25686/1383591868562-0.24502804782241583/package
149 silly lockFile 01702fcd-8562-0-24502804782241583-package /var/folders/z9/ccm9f83x2kd9_s24pz9q6x700000gn/T/npm-25686/1383591868562-0.24502804782241583/package
150 silly lockFile 5c98d4b7-npm-socket-io-0-9-16-package-tgz /Users/appacademy/.npm/socket.io/0.9.16/package.tgz
151 silly lockFile 5c98d4b7-npm-socket-io-0-9-16-package-tgz /Users/appacademy/.npm/socket.io/0.9.16/package.tgz
152 silly lockFile 220714e0-emy-npm-socket-io-0-9-16-package /Users/appacademy/.npm/socket.io/0.9.16/package
153 verbose lock /Users/appacademy/.npm/socket.io/0.9.16/package /Users/appacademy/.npm/220714e0-emy-npm-socket-io-0-9-16-package.lock
154 silly lockFile 220714e0-emy-npm-socket-io-0-9-16-package /Users/appacademy/.npm/socket.io/0.9.16/package
155 silly lockFile 220714e0-emy-npm-socket-io-0-9-16-package /Users/appacademy/.npm/socket.io/0.9.16/package
156 verbose tar unpack /Users/appacademy/.npm/socket.io/0.9.16/package.tgz
157 silly lockFile 220714e0-emy-npm-socket-io-0-9-16-package /Users/appacademy/.npm/socket.io/0.9.16/package
158 verbose lock /Users/appacademy/.npm/socket.io/0.9.16/package /Users/appacademy/.npm/220714e0-emy-npm-socket-io-0-9-16-package.lock
159 silly lockFile 5c98d4b7-npm-socket-io-0-9-16-package-tgz /Users/appacademy/.npm/socket.io/0.9.16/package.tgz
160 verbose lock /Users/appacademy/.npm/socket.io/0.9.16/package.tgz /Users/appacademy/.npm/5c98d4b7-npm-socket-io-0-9-16-package-tgz.lock
161 silly gunzTarPerm modes [ '755', '644' ]
162 silly gunzTarPerm extractEntry package.json
163 silly gunzTarPerm extractEntry .npmignore
164 silly gunzTarPerm extractEntry LICENSE
165 silly gunzTarPerm extractEntry index.js
166 silly gunzTarPerm extractEntry .travis.yml
167 silly gunzTarPerm extractEntry benchmarks/decode.bench.js
168 silly gunzTarPerm extractEntry benchmarks/encode.bench.js
169 silly gunzTarPerm extractEntry benchmarks/runner.js
170 silly gunzTarPerm extractEntry History.md
171 silly gunzTarPerm extractEntry lib/logger.js
172 silly gunzTarPerm extractEntry lib/namespace.js
173 silly gunzTarPerm extractEntry lib/parser.js
174 silly gunzTarPerm extractEntry lib/socket.io.js
175 silly gunzTarPerm extractEntry lib/socket.js
176 silly gunzTarPerm extractEntry lib/manager.js
177 silly gunzTarPerm extractEntry lib/store.js
178 silly gunzTarPerm extractEntry lib/transport.js
179 silly gunzTarPerm extractEntry lib/util.js
180 silly gunzTarPerm extractEntry lib/static.js
181 silly gunzTarPerm extractEntry lib/stores/memory.js
182 silly gunzTarPerm extractEntry lib/stores/redis.js
183 silly gunzTarPerm extractEntry lib/transports/flashsocket.js
184 silly gunzTarPerm extractEntry lib/transports/htmlfile.js
185 silly gunzTarPerm extractEntry lib/transports/http-polling.js
186 silly gunzTarPerm extractEntry lib/transports/http.js
187 silly gunzTarPerm extractEntry lib/transports/index.js
188 silly gunzTarPerm extractEntry lib/transports/jsonp-polling.js
189 silly gunzTarPerm extractEntry lib/transports/websocket.js
190 silly gunzTarPerm extractEntry lib/transports/xhr-polling.js
191 silly gunzTarPerm extractEntry lib/transports/websocket/default.js
192 silly gunzTarPerm extractEntry lib/transports/websocket/hybi-07-12.js
193 silly gunzTarPerm extractEntry lib/transports/websocket/hybi-16.js
194 silly gunzTarPerm extractEntry lib/transports/websocket/index.js
195 silly gunzTarPerm extractEntry Makefile
196 silly gunzTarPerm extractEntry Readme.md
197 verbose read json /Users/appacademy/.npm/socket.io/0.9.16/package/package.json
198 silly lockFile 220714e0-emy-npm-socket-io-0-9-16-package /Users/appacademy/.npm/socket.io/0.9.16/package
199 silly lockFile 220714e0-emy-npm-socket-io-0-9-16-package /Users/appacademy/.npm/socket.io/0.9.16/package
200 silly lockFile 5c98d4b7-npm-socket-io-0-9-16-package-tgz /Users/appacademy/.npm/socket.io/0.9.16/package.tgz
201 silly lockFile 5c98d4b7-npm-socket-io-0-9-16-package-tgz /Users/appacademy/.npm/socket.io/0.9.16/package.tgz
202 silly shasum updated bytes 35009
203 info shasum 3bab0444e49b55fbbc157424dbd41aa375a51a76
203 info shasum /Users/appacademy/.npm/socket.io/0.9.16/package.tgz
204 verbose from cache /Users/appacademy/.npm/socket.io/0.9.16/package/package.json
205 verbose chmod /Users/appacademy/.npm/socket.io/0.9.16/package.tgz 644
206 verbose chown /Users/appacademy/.npm/socket.io/0.9.16/package.tgz [ 501, 20 ]
207 silly lockFile ca7568e4-g-socket-io-socket-io-0-9-16-tgz https://registry.npmjs.org/socket.io/-/socket.io-0.9.16.tgz
208 silly lockFile ca7568e4-g-socket-io-socket-io-0-9-16-tgz https://registry.npmjs.org/socket.io/-/socket.io-0.9.16.tgz
209 silly lockFile a7acce22-socket-io-0-9-16 socket.io@0.9.16
210 silly lockFile a7acce22-socket-io-0-9-16 socket.io@0.9.16
211 silly lockFile f2e07591-socket-io-0-9-6 socket.io@~0.9.6
212 silly lockFile f2e07591-socket-io-0-9-6 socket.io@~0.9.6
213 info retry fetch attempt 2 at 11:04:38
214 verbose fetch to= /var/folders/z9/ccm9f83x2kd9_s24pz9q6x700000gn/T/npm-25686/1383591868561-0.36653988691978157/tmp.tgz
215 http GET https://registry.npmjs.org/mime/-/mime-1.2.11.tgz
216 error fetch failed https://registry.npmjs.org/mime/-/mime-1.2.11.tgz
217 info retry will retry, error on last attempt: Error: socket hang up
218 info retry fetch attempt 3 at 11:06:02
219 verbose fetch to= /var/folders/z9/ccm9f83x2kd9_s24pz9q6x700000gn/T/npm-25686/1383591868561-0.36653988691978157/tmp.tgz
220 http GET https://registry.npmjs.org/mime/-/mime-1.2.11.tgz
221 error fetch failed https://registry.npmjs.org/mime/-/mime-1.2.11.tgz
222 silly lockFile 98468155-y-npmjs-org-mime-mime-1-2-11-tgz https://registry.npmjs.org/mime/-/mime-1.2.11.tgz
223 silly lockFile 98468155-y-npmjs-org-mime-mime-1-2-11-tgz https://registry.npmjs.org/mime/-/mime-1.2.11.tgz
224 silly lockFile c4b0741f-mime-1-2-11 mime@1.2.11
225 silly lockFile c4b0741f-mime-1-2-11 mime@1.2.11
226 silly lockFile 3725bc70-mime-1-2-7 mime@~1.2.7
227 silly lockFile 3725bc70-mime-1-2-7 mime@~1.2.7
228 error Error: socket hang up
228 error     at createHangUpError (http.js:1373:15)
228 error     at CleartextStream.socketCloseListener (http.js:1424:23)
228 error     at CleartextStream.EventEmitter.emit (events.js:126:20)
228 error     at SecurePair.destroy (tls.js:956:22)
228 error     at process.startup.processNextTick.process._tickCallback (node.js:245:9)
229 error If you need help, you may report this log at:
229 error     <http://github.com/isaacs/npm/issues>
229 error or email it to:
229 error     <npm-@googlegroups.com>
230 error System Darwin 12.2.1
231 error command "/opt/local/bin/node" "/opt/local/bin/npm" "install"
232 error cwd /Users/appacademy/Desktop/W8D1/my_chat_app
233 error node -v v0.8.22
234 error npm -v 1.2.14
235 error code ECONNRESET
236 verbose exit [ 1, true ]
